Expression	Value	Location	Type	
ringBuff	<array>""	0x20007DCC	char[1024]	
[0]	0x00	0x20007DCC	char	
[1]	0x41	0x20007DCD	char	
[2]	0x54	0x20007DCE	char	
[3]	0x45	0x20007DCF	char	
[4]	0x30	0x20007DD0	char	
[5]	0x0D	0x20007DD1	char	
[6]	0x0D	0x20007DD2	char	
[7]	0x0A	0x20007DD3	char	
[8]	0x4F	0x20007DD4	char	
[9]	0x4B	0x20007DD5	char	
[10]	0x0D	0x20007DD6	char	
[11]	0x0A	0x20007DD7	char	
[12]	0x0D	0x20007DD8	char	
[13]	0x0A	0x20007DD9	char	
[14]	0x2B	0x20007DDA	char	
[15]	0x43	0x20007DDB	char	
[16]	0x50	0x20007DDC	char	
[17]	0x49	0x20007DDD	char	
[18]	0x4E	0x20007DDE	char	
[19]	0x3A	0x20007DDF	char	
[20]	0x20	0x20007DE0	char	
[21]	0x52	0x20007DE1	char	
[22]	0x45	0x20007DE2	char	
[23]	0x41	0x20007DE3	char	
[24]	0x44	0x20007DE4	char	
[25]	0x59	0x20007DE5	char	
[26]	0x0D	0x20007DE6	char	
[27]	0x0A	0x20007DE7	char	
[28]	0x0D	0x20007DE8	char	
[29]	0x0A	0x20007DE9	char	
[30]	0x4F	0x20007DEA	char	
[31]	0x4B	0x20007DEB	char	
[32]	0x0D	0x20007DEC	char	
[33]	0x0A	0x20007DED	char	
[34]	0x0D	0x20007DEE	char	
[35]	0x0A	0x20007DEF	char	
[36]	0x2B	0x20007DF0	char	
[37]	0x43	0x20007DF1	char	
[38]	0x53	0x20007DF2	char	
[39]	0x51	0x20007DF3	char	
[40]	0x3A	0x20007DF4	char	
[41]	0x20	0x20007DF5	char	
[42]	0x31	0x20007DF6	char	
[43]	0x34	0x20007DF7	char	
[44]	0x2C	0x20007DF8	char	
[45]	0x30	0x20007DF9	char	
[46]	0x0D	0x20007DFA	char	
[47]	0x0A	0x20007DFB	char	
[48]	0x0D	0x20007DFC	char	
[49]	0x0A	0x20007DFD	char	
[50]	0x4F	0x20007DFE	char	
[51]	0x4B	0x20007DFF	char	
[52]	0x0D	0x20007E00	char	
[53]	0x0A	0x20007E01	char	
[54]	0x0D	0x20007E02	char	
[55]	0x0A	0x20007E03	char	
[56]	0x2B	0x20007E04	char	
[57]	0x43	0x20007E05	char	
[58]	0x52	0x20007E06	char	
[59]	0x45	0x20007E07	char	
[60]	0x47	0x20007E08	char	
[61]	0x3A	0x20007E09	char	
[62]	0x20	0x20007E0A	char	
[63]	0x30	0x20007E0B	char	
[64]	0x2C	0x20007E0C	char	
[65]	0x31	0x20007E0D	char	
[66]	0x0D	0x20007E0E	char	
[67]	0x0A	0x20007E0F	char	
[68]	0x0D	0x20007E10	char	
[69]	0x0A	0x20007E11	char	
[70]	0x4F	0x20007E12	char	
[71]	0x4B	0x20007E13	char	
[72]	0x0D	0x20007E14	char	
[73]	0x0A	0x20007E15	char	
[74]	0x0D	0x20007E16	char	
[75]	0x0A	0x20007E17	char	
[76]	0x2B	0x20007E18	char	
[77]	0x43	0x20007E19	char	
[78]	0x47	0x20007E1A	char	
[79]	0x41	0x20007E1B	char	
[80]	0x54	0x20007E1C	char	
[81]	0x54	0x20007E1D	char	
[82]	0x3A	0x20007E1E	char	
[83]	0x20	0x20007E1F	char	
[84]	0x31	0x20007E20	char	
[85]	0x0D	0x20007E21	char	
[86]	0x0A	0x20007E22	char	
[87]	0x0D	0x20007E23	char	
[88]	0x0A	0x20007E24	char	
[89]	0x4F	0x20007E25	char	
[90]	0x4B	0x20007E26	char	
[91]	0x0D	0x20007E27	char	
[92]	0x0A	0x20007E28	char	
[93]	0x0D	0x20007E29	char	
[94]	0x0A	0x20007E2A	char	
[95]	0x4F	0x20007E2B	char	
[96]	0x4B	0x20007E2C	char	
[97]	0x0D	0x20007E2D	char	
[98]	0x0A	0x20007E2E	char	
[99]	0x0D	0x20007E2F	char	
[100]	0x0A	0x20007E30	char	
[101]	0x4F	0x20007E31	char	
[102]	0x4B	0x20007E32	char	
[103]	0x0D	0x20007E33	char	
[104]	0x0A	0x20007E34	char	
[105]	0x0D	0x20007E35	char	
[106]	0x0A	0x20007E36	char	
[107]	0x4F	0x20007E37	char	
[108]	0x4B	0x20007E38	char	
[109]	0x0D	0x20007E39	char	
[110]	0x0A	0x20007E3A	char	
[111]	0x0D	0x20007E3B	char	
[112]	0x0A	0x20007E3C	char	
[113]	0x31	0x20007E3D	char	
[114]	0x30	0x20007E3E	char	
[115]	0x2E	0x20007E3F	char	
[116]	0x32	0x20007E40	char	
[117]	0x31	0x20007E41	char	
[118]	0x33	0x20007E42	char	
[119]	0x2E	0x20007E43	char	
[120]	0x32	0x20007E44	char	
[121]	0x31	0x20007E45	char	
[122]	0x32	0x20007E46	char	
[123]	0x2E	0x20007E47	char	
[124]	0x31	0x20007E48	char	
[125]	0x37	0x20007E49	char	
[126]	0x30	0x20007E4A	char	
[127]	0x0D	0x20007E4B	char	
[128]	0x0A	0x20007E4C	char	
[129]	0x0D	0x20007E4D	char	
[130]	0x0A	0x20007E4E	char	
[131]	0x4F	0x20007E4F	char	
[132]	0x4B	0x20007E50	char	
[133]	0x0D	0x20007E51	char	
[134]	0x0A	0x20007E52	char	
[135]	0x0D	0x20007E53	char	
[136]	0x0A	0x20007E54	char	
[137]	0x4F	0x20007E55	char	
[138]	0x4B	0x20007E56	char	
[139]	0x0D	0x20007E57	char	
[140]	0x0A	0x20007E58	char	
[141]	0x0D	0x20007E59	char	
[142]	0x0A	0x20007E5A	char	
[143]	0x31	0x20007E5B	char	
[144]	0x2C	0x20007E5C	char	
[145]	0x20	0x20007E5D	char	
[146]	0x43	0x20007E5E	char	
[147]	0x4F	0x20007E5F	char	
[148]	0x4E	0x20007E60	char	
[149]	0x4E	0x20007E61	char	
[150]	0x45	0x20007E62	char	
[151]	0x43	0x20007E63	char	
[152]	0x54	0x20007E64	char	
[153]	0x20	0x20007E65	char	
[154]	0x4F	0x20007E66	char	
[155]	0x4B	0x20007E67	char	
[156]	0x0D	0x20007E68	char	
[157]	0x0A	0x20007E69	char	
[158]	0x0D	0x20007E6A	char	
[159]	0x0A	0x20007E6B	char	
[160]	0x3E	0x20007E6C	char	
[161]	0x20	0x20007E6D	char	
[162]	0x0D	0x20007E6E	char	
[163]	0x0A	0x20007E6F	char	
[164]	0x44	0x20007E70	char	
[165]	0x41	0x20007E71	char	
[166]	0x54	0x20007E72	char	
[167]	0x41	0x20007E73	char	
[168]	0x20	0x20007E74	char	
[169]	0x41	0x20007E75	char	
[170]	0x43	0x20007E76	char	
[171]	0x43	0x20007E77	char	
[172]	0x45	0x20007E78	char	
[173]	0x50	0x20007E79	char	
[174]	0x54	0x20007E7A	char	
[175]	0x3A	0x20007E7B	char	
[176]	0x31	0x20007E7C	char	
[177]	0x2C	0x20007E7D	char	
[178]	0x31	0x20007E7E	char	
[179]	0x30	0x20007E7F	char	
[180]	0x32	0x20007E80	char	
[181]	0x0D	0x20007E81	char	
[182]	0x0A	0x20007E82	char	
[183]	0x0D	0x20007E83	char	
[184]	0x0A	0x20007E84	char	
[185]	0x2B	0x20007E85	char	
[186]	0x52	0x20007E86	char	
[187]	0x45	0x20007E87	char	
[188]	0x43	0x20007E88	char	
[189]	0x45	0x20007E89	char	
[190]	0x49	0x20007E8A	char	
[191]	0x56	0x20007E8B	char	
[192]	0x45	0x20007E8C	char	
[193]	0x2C	0x20007E8D	char	
[194]	0x31	0x20007E8E	char	
[195]	0x2C	0x20007E8F	char	
[196]	0x34	0x20007E90	char	
[197]	0x3A	0x20007E91	char	
[198]	0x0D	0x20007E92	char	
[199]	0x0A	0x20007E93	char	
[200]	0x20	0x20007E94	char	
[201]	0x02	0x20007E95	char	
[202]	0x00	0x20007E96	char	
[203]	0x00	0x20007E97	char	
[204]	0x0D	0x20007E98	char	
[205]	0x0A	0x20007E99	char	
[206]	0x3E	0x20007E9A	char	
[207]	0x20	0x20007E9B	char	
[208]	0x0D	0x20007E9C	char	
[209]	0x0A	0x20007E9D	char	
[210]	0x44	0x20007E9E	char	
[211]	0x41	0x20007E9F	char	
[212]	0x54	0x20007EA0	char	
[213]	0x41	0x20007EA1	char	
[214]	0x20	0x20007EA2	char	
[215]	0x41	0x20007EA3	char	
[216]	0x43	0x20007EA4	char	
[217]	0x43	0x20007EA5	char	
[218]	0x45	0x20007EA6	char	
[219]	0x50	0x20007EA7	char	
[220]	0x54	0x20007EA8	char	
[221]	0x3A	0x20007EA9	char	
[222]	0x31	0x20007EAA	char	
[223]	0x2C	0x20007EAB	char	
[224]	0x36	0x20007EAC	char	
[225]	0x34	0x20007EAD	char	
[226]	0x0D	0x20007EAE	char	
[227]	0x0A	0x20007EAF	char	
[228]	0x0D	0x20007EB0	char	
[229]	0x0A	0x20007EB1	char	
[230]	0x2B	0x20007EB2	char	
[231]	0x52	0x20007EB3	char	
[232]	0x45	0x20007EB4	char	
[233]	0x43	0x20007EB5	char	
[234]	0x45	0x20007EB6	char	
[235]	0x49	0x20007EB7	char	
[236]	0x56	0x20007EB8	char	
[237]	0x45	0x20007EB9	char	
[238]	0x2C	0x20007EBA	char	
[239]	0x31	0x20007EBB	char	
[240]	0x2C	0x20007EBC	char	
[241]	0x35	0x20007EBD	char	
[242]	0x3A	0x20007EBE	char	
[243]	0x0D	0x20007EBF	char	
[244]	0x0A	0x20007EC0	char	
[245]	0x90	0x20007EC1	char	
[246]	0x03	0x20007EC2	char	
[247]	0x00	0x20007EC3	char	
[248]	0x02	0x20007EC4	char	
[249]	0x01	0x20007EC5	char	
[250]	0x0D	0x20007EC6	char	
[251]	0x0A	0x20007EC7	char	
[252]	0x3E	0x20007EC8	char	
[253]	0x20	0x20007EC9	char	
[254]	0x0D	0x20007ECA	char	
[255]	0x0A	0x20007ECB	char	
[256]	0x44	0x20007ECC	char	
[257]	0x41	0x20007ECD	char	
[258]	0x54	0x20007ECE	char	
[259]	0x41	0x20007ECF	char	
[260]	0x20	0x20007ED0	char	
[261]	0x41	0x20007ED1	char	
[262]	0x43	0x20007ED2	char	
[263]	0x43	0x20007ED3	char	
[264]	0x45	0x20007ED4	char	
[265]	0x50	0x20007ED5	char	
[266]	0x54	0x20007ED6	char	
[267]	0x3A	0x20007ED7	char	
[268]	0x31	0x20007ED8	char	
[269]	0x2C	0x20007ED9	char	
[270]	0x31	0x20007EDA	char	
[271]	0x32	0x20007EDB	char	
[272]	0x30	0x20007EDC	char	
[273]	0x0D	0x20007EDD	char	
[274]	0x0A	0x20007EDE	char	
[275]	0x0D	0x20007EDF	char	
[276]	0x0A	0x20007EE0	char	
[277]	0x3E	0x20007EE1	char	
[278]	0x20	0x20007EE2	char	
[279]	0x0D	0x20007EE3	char	
[280]	0x0A	0x20007EE4	char	
[281]	0x44	0x20007EE5	char	
[282]	0x41	0x20007EE6	char	
[283]	0x54	0x20007EE7	char	
[284]	0x41	0x20007EE8	char	
[285]	0x20	0x20007EE9	char	
[286]	0x41	0x20007EEA	char	
[287]	0x43	0x20007EEB	char	
[288]	0x43	0x20007EEC	char	
[289]	0x45	0x20007EED	char	
[290]	0x50	0x20007EEE	char	
[291]	0x54	0x20007EEF	char	
[292]	0x3A	0x20007EF0	char	
[293]	0x31	0x20007EF1	char	
[294]	0x2C	0x20007EF2	char	
[295]	0x31	0x20007EF3	char	
[296]	0x32	0x20007EF4	char	
[297]	0x32	0x20007EF5	char	
[298]	0x0D	0x20007EF6	char	
[299]	0x0A	0x20007EF7	char	
[300]	0x0D	0x20007EF8	char	
[301]	0x0A	0x20007EF9	char	
[302]	0x2B	0x20007EFA	char	
[303]	0x52	0x20007EFB	char	
[304]	0x45	0x20007EFC	char	
[305]	0x43	0x20007EFD	char	
[306]	0x45	0x20007EFE	char	
[307]	0x49	0x20007EFF	char	
[308]	0x56	0x20007F00	char	
[309]	0x45	0x20007F01	char	
[310]	0x2C	0x20007F02	char	
[311]	0x31	0x20007F03	char	
[312]	0x2C	0x20007F04	char	
[313]	0x34	0x20007F05	char	
[314]	0x3A	0x20007F06	char	
[315]	0x0D	0x20007F07	char	
[316]	0x0A	0x20007F08	char	
[317]	0x40	0x20007F09	char	
[318]	0x02	0x20007F0A	char	
[319]	0x00	0x20007F0B	char	
[320]	0x03	0x20007F0C	char	
[321]	0x0D	0x20007F0D	char	
[322]	0x0A	0x20007F0E	char	
[323]	0x2B	0x20007F0F	char	
[324]	0x52	0x20007F10	char	
[325]	0x45	0x20007F11	char	
[326]	0x43	0x20007F12	char	
[327]	0x45	0x20007F13	char	
[328]	0x49	0x20007F14	char	
[329]	0x56	0x20007F15	char	
[330]	0x45	0x20007F16	char	
[331]	0x2C	0x20007F17	char	
[332]	0x31	0x20007F18	char	
[333]	0x2C	0x20007F19	char	
[334]	0x34	0x20007F1A	char	
[335]	0x3A	0x20007F1B	char	
[336]	0x0D	0x20007F1C	char	
[337]	0x0A	0x20007F1D	char	
[338]	0x40	0x20007F1E	char	
[339]	0x02	0x20007F1F	char	
[340]	0x00	0x20007F20	char	
[341]	0x04	0x20007F21	char	
[342]	0x0D	0x20007F22	char	
[343]	0x0A	0x20007F23	char	
[344]	0x2B	0x20007F24	char	
[345]	0x52	0x20007F25	char	
[346]	0x45	0x20007F26	char	
[347]	0x43	0x20007F27	char	
[348]	0x45	0x20007F28	char	
[349]	0x49	0x20007F29	char	
[350]	0x56	0x20007F2A	char	
[351]	0x45	0x20007F2B	char	
[352]	0x2C	0x20007F2C	char	
[353]	0x31	0x20007F2D	char	
[354]	0x2C	0x20007F2E	char	
[355]	0x33	0x20007F2F	char	
[356]	0x39	0x20007F30	char	
[357]	0x37	0x20007F31	char	
[358]	0x3A	0x20007F32	char	
[359]	0x0D	0x20007F33	char	
[360]	0x0A	0x20007F34	char	
[361]	0x30	0x20007F35	char	
[362]	0x8A	0x20007F36	char	
[363]	0x03	0x20007F37	char	
[364]	0x00	0x20007F38	char	
[365]	0x39	0x20007F39	char	
[366]	0x2F	0x20007F3A	char	
[367]	0x24	0x20007F3B	char	
[368]	0x73	0x20007F3C	char	
[369]	0x79	0x20007F3D	char	
[370]	0x73	0x20007F3E	char	
[371]	0x74	0x20007F3F	char	
[372]	0x65	0x20007F40	char	
[373]	0x6D	0x20007F41	char	
[374]	0x2F	0x20007F42	char	
[375]	0x69	0x20007F43	char	
[376]	0x77	0x20007F44	char	
[377]	0x66	0x20007F45	char	
[378]	0x72	0x20007F46	char	
[379]	0x64	0x20007F47	char	
[380]	0x67	0x20007F48	char	
[381]	0x77	0x20007F49	char	
[382]	0x68	0x20007F4A	char	
[383]	0x6D	0x20007F4B	char	
[384]	0x77	0x20007F4C	char	
[385]	0x73	0x20007F4D	char	
[386]	0x63	0x20007F4E	char	
[387]	0x71	0x20007F4F	char	
[388]	0x62	0x20007F50	char	
[389]	0x6D	0x20007F51	char	
[390]	0x76	0x20007F52	char	
[391]	0x2F	0x20007F53	char	
[392]	0x6D	0x20007F54	char	
[393]	0x6F	0x20007F55	char	
[394]	0x73	0x20007F56	char	
[395]	0x6A	0x20007F57	char	
[396]	0x67	0x20007F58	char	
[397]	0x71	0x20007F59	char	
[398]	0x68	0x20007F5A	char	
[399]	0x71	0x20007F5B	char	
[400]	0x71	0x20007F5C	char	
[401]	0x78	0x20007F5D	char	
[402]	0x31	0x20007F5E	char	
[403]	0x61	0x20007F5F	char	
[404]	0x75	0x20007F60	char	
[405]	0x74	0x20007F61	char	
[406]	0x30	0x20007F62	char	
[407]	0x61	0x20007F63	char	
[408]	0x2F	0x20007F64	char	
[409]	0x6F	0x20007F65	char	
[410]	0x74	0x20007F66	char	
[411]	0x61	0x20007F67	char	
[412]	0x2F	0x20007F68	char	
[413]	0x64	0x20007F69	char	
[414]	0x6F	0x20007F6A	char	
[415]	0x77	0x20007F6B	char	
[416]	0x6E	0x20007F6C	char	
[417]	0x73	0x20007F6D	char	
[418]	0x74	0x20007F6E	char	
[419]	0x72	0x20007F6F	char	
[420]	0x65	0x20007F70	char	
[421]	0x61	0x20007F71	char	
[422]	0x6D	0x20007F72	char	
[423]	0x7B	0x20007F73	char	
[424]	0x22	0x20007F74	char	
[425]	0x4D	0x20007F75	char	
[426]	0x65	0x20007F76	char	
[427]	0x74	0x20007F77	char	
[428]	0x68	0x20007F78	char	
[429]	0x6F	0x20007F79	char	
[430]	0x64	0x20007F7A	char	
[431]	0x22	0x20007F7B	char	
[432]	0x3A	0x20007F7C	char	
[433]	0x22	0x20007F7D	char	
[434]	0x75	0x20007F7E	char	
[435]	0x70	0x20007F7F	char	
[436]	0x64	0x20007F80	char	
[437]	0x61	0x20007F81	char	
[438]	0x74	0x20007F82	char	
[439]	0x65	0x20007F83	char	
[440]	0x5F	0x20007F84	char	
[441]	0x66	0x20007F85	char	
[442]	0x69	0x20007F86	char	
[443]	0x72	0x20007F87	char	
[444]	0x6D	0x20007F88	char	
[445]	0x77	0x20007F89	char	
[446]	0x61	0x20007F8A	char	
[447]	0x72	0x20007F8B	char	
[448]	0x65	0x20007F8C	char	
[449]	0x22	0x20007F8D	char	
[450]	0x2C	0x20007F8E	char	
[451]	0x22	0x20007F8F	char	
[452]	0x50	0x20007F90	char	
[453]	0x61	0x20007F91	char	
[454]	0x79	0x20007F92	char	
[455]	0x6C	0x20007F93	char	
[456]	0x6F	0x20007F94	char	
[457]	0x61	0x20007F95	char	
[458]	0x64	0x20007F96	char	
[459]	0x22	0x20007F97	char	
[460]	0x3A	0x20007F98	char	
[461]	0x7B	0x20007F99	char	
[462]	0x22	0x20007F9A	char	
[463]	0x56	0x20007F9B	char	
[464]	0x65	0x20007F9C	char	
[465]	0x72	0x20007F9D	char	
[466]	0x73	0x20007F9E	char	
[467]	0x69	0x20007F9F	char	
[468]	0x6F	0x20007FA0	char	
[469]	0x6E	0x20007FA1	char	
[470]	0x22	0x20007FA2	char	
[471]	0x3A	0x20007FA3	char	
[472]	0x22	0x20007FA4	char	
[473]	0x32	0x20007FA5	char	
[474]	0x2E	0x20007FA6	char	
[475]	0x30	0x20007FA7	char	
[476]	0x2E	0x20007FA8	char	
[477]	0x30	0x20007FA9	char	
[478]	0x22	0x20007FAA	char	
[479]	0x2C	0x20007FAB	char	
[480]	0x22	0x20007FAC	char	
[481]	0x55	0x20007FAD	char	
[482]	0x52	0x20007FAE	char	
[483]	0x4C	0x20007FAF	char	
[484]	0x22	0x20007FB0	char	
[485]	0x3A	0x20007FB1	char	
[486]	0x22	0x20007FB2	char	
[487]	0x68	0x20007FB3	char	
[488]	0x74	0x20007FB4	char	
[489]	0x74	0x20007FB5	char	
[490]	0x70	0x20007FB6	char	
[491]	0x3A	0x20007FB7	char	
[492]	0x2F	0x20007FB8	char	
[493]	0x2F	0x20007FB9	char	
[494]	0x75	0x20007FBA	char	
[495]	0x69	0x20007FBB	char	
[496]	0x6F	0x20007FBC	char	
[497]	0x74	0x20007FBD	char	
[498]	0x2D	0x20007FBE	char	
[499]	0x6F	0x20007FBF	char	
[500]	0x74	0x20007FC0	char	
[501]	0x61	0x20007FC1	char	
[502]	0x31	0x20007FC2	char	
[503]	0x2E	0x20007FC3	char	
[504]	0x63	0x20007FC4	char	
[505]	0x6E	0x20007FC5	char	
[506]	0x2D	0x20007FC6	char	
[507]	0x73	0x20007FC7	char	
[508]	0x68	0x20007FC8	char	
[509]	0x32	0x20007FC9	char	
[510]	0x2E	0x20007FCA	char	
[511]	0x75	0x20007FCB	char	
[512]	0x66	0x20007FCC	char	
[513]	0x69	0x20007FCD	char	
[514]	0x6C	0x20007FCE	char	
[515]	0x65	0x20007FCF	char	
[516]	0x6F	0x20007FD0	char	
[517]	0x73	0x20007FD1	char	
[518]	0x2E	0x20007FD2	char	
[519]	0x63	0x20007FD3	char	
[520]	0x6F	0x20007FD4	char	
[521]	0x6D	0x20007FD5	char	
[522]	0x2F	0x20007FD6	char	
[523]	0x69	0x20007FD7	char	
[524]	0x77	0x20007FD8	char	
[525]	0x66	0x20007FD9	char	
[526]	0x72	0x20007FDA	char	
[527]	0x64	0x20007FDB	char	
[528]	0x67	0x20007FDC	char	
[529]	0x77	0x20007FDD	char	
[530]	0x68	0x20007FDE	char	
[531]	0x6D	0x20007FDF	char	
[532]	0x77	0x20007FE0	char	
[533]	0x73	0x20007FE1	char	
[534]	0x63	0x20007FE2	char	
[535]	0x71	0x20007FE3	char	
[536]	0x62	0x20007FE4	char	
[537]	0x6D	0x20007FE5	char	
[538]	0x76	0x20007FE6	char	
[539]	0x5F	0x20007FE7	char	
[540]	0x32	0x20007FE8	char	
[541]	0x2E	0x20007FE9	char	
[542]	0x30	0x20007FEA	char	
[543]	0x2E	0x20007FEB	char	
[544]	0x30	0x20007FEC	char	
[545]	0x5F	0x20007FED	char	
[546]	0x6F	0x20007FEE	char	
[547]	0x74	0x20007FEF	char	
[548]	0x61	0x20007FF0	char	
[549]	0x2E	0x20007FF1	char	
[550]	0x62	0x20007FF2	char	
[551]	0x69	0x20007FF3	char	
[552]	0x6E	0x20007FF4	char	
[553]	0x3F	0x20007FF5	char	
[554]	0x55	0x20007FF6	char	
[555]	0x43	0x20007FF7	char	
[556]	0x6C	0x20007FF8	char	
[557]	0x6F	0x20007FF9	char	
[558]	0x75	0x20007FFA	char	
[559]	0x64	0x20007FFB	char	
[560]	0x50	0x20007FFC	char	
[561]	0x75	0x20007FFD	char	
[562]	0x62	0x20007FFE	char	
[563]	0x6C	0x20007FFF	char	
[564]	0x69	0x20008000	char	
[565]	0x63	0x20008001	char	
[566]	0x4B	0x20008002	char	
[567]	0x65	0x20008003	char	
[568]	0x79	0x20008004	char	
[569]	0x3D	0x20008005	char	
[570]	0x64	0x20008006	char	
[571]	0x68	0x20008007	char	
[572]	0x58	0x20008008	char	
[573]	0x64	0x20008009	char	
[574]	0x31	0x2000800A	char	
[575]	0x7A	0x2000800B	char	
[576]	0x77	0x2000800C	char	
[577]	0x42	0x2000800D	char	
[578]	0x33	0x2000800E	char	
[579]	0x36	0x2000800F	char	
[580]	0x37	0x20008010	char	
[581]	0x43	0x20008011	char	
[582]	0x4E	0x20008012	char	
[583]	0x6B	0x20008013	char	
[584]	0x77	0x20008014	char	
[585]	0x31	0x20008015	char	
[586]	0x73	0x20008016	char	
[587]	0x53	0x20008017	char	
[588]	0x4C	0x20008018	char	
[589]	0x32	0x20008019	char	
[590]	0x71	0x2000801A	char	
[591]	0x56	0x2000801B	char	
[592]	0x6A	0x2000801C	char	
[593]	0x79	0x2000801D	char	
[594]	0x62	0x2000801E	char	
[595]	0x68	0x2000801F	char	
[596]	0x42	0x20008020	char	
[597]	0x42	0x20008021	char	
[598]	0x6A	0x20008022	char	
[599]	0x6B	0x20008023	char	
[600]	0x51	0x20008024	char	
[601]	0x61	0x20008025	char	
[602]	0x70	0x20008026	char	
[603]	0x77	0x20008027	char	
[604]	0x25	0x20008028	char	
[605]	0x32	0x20008029	char	
[606]	0x42	0x2000802A	char	
[607]	0x44	0x2000802B	char	
[608]	0x48	0x2000802C	char	
[609]	0x33	0x2000802D	char	
[610]	0x74	0x2000802E	char	
[611]	0x71	0x2000802F	char	
[612]	0x6B	0x20008030	char	
[613]	0x68	0x20008031	char	
[614]	0x77	0x20008032	char	
[615]	0x76	0x20008033	char	
[616]	0x4E	0x20008034	char	
[617]	0x25	0x20008035	char	
[618]	0x32	0x20008036	char	
[619]	0x46	0x20008037	char	
[620]	0x30	0x20008038	char	
[621]	0x42	0x20008039	char	
[622]	0x36	0x2000803A	char	
[623]	0x45	0x2000803B	char	
[624]	0x63	0x2000803C	char	
[625]	0x6B	0x2000803D	char	
[626]	0x45	0x2000803E	char	
[627]	0x25	0x2000803F	char	
[628]	0x32	0x20008040	char	
[629]	0x42	0x20008041	char	
[630]	0x43	0x20008042	char	
[631]	0x5A	0x20008043	char	
[632]	0x25	0x20008044	char	
[633]	0x32	0x20008045	char	
[634]	0x46	0x20008046	char	
[635]	0x46	0x20008047	char	
[636]	0x49	0x20008048	char	
[637]	0x25	0x20008049	char	
[638]	0x33	0x2000804A	char	
[639]	0x44	0x2000804B	char	
[640]	0x26	0x2000804C	char	
[641]	0x53	0x2000804D	char	
[642]	0x69	0x2000804E	char	
[643]	0x67	0x2000804F	char	
[644]	0x6E	0x20008050	char	
[645]	0x61	0x20008051	char	
[646]	0x74	0x20008052	char	
[647]	0x75	0x20008053	char	
[648]	0x72	0x20008054	char	
[649]	0x65	0x20008055	char	
[650]	0x3D	0x20008056	char	
[651]	0x44	0x20008057	char	
[652]	0x65	0x20008058	char	
[653]	0x31	0x20008059	char	
[654]	0x31	0x2000805A	char	
[655]	0x6B	0x2000805B	char	
[656]	0x6F	0x2000805C	char	
[657]	0x73	0x2000805D	char	
[658]	0x74	0x2000805E	char	
[659]	0x57	0x2000805F	char	
[660]	0x56	0x20008060	char	
[661]	0x58	0x20008061	char	
[662]	0x48	0x20008062	char	
[663]	0x47	0x20008063	char	
[664]	0x31	0x20008064	char	
[665]	0x53	0x20008065	char	
[666]	0x75	0x20008066	char	
[667]	0x35	0x20008067	char	
[668]	0x35	0x20008068	char	
[669]	0x6B	0x20008069	char	
[670]	0x50	0x2000806A	char	
[671]	0x5A	0x2000806B	char	
[672]	0x6B	0x2000806C	char	
[673]	0x7A	0x2000806D	char	
[674]	0x43	0x2000806E	char	
[675]	0x39	0x2000806F	char	
[676]	0x43	0x20008070	char	
[677]	0x51	0x20008071	char	
[678]	0x25	0x20008072	char	
[679]	0x33	0x20008073	char	
[680]	0x44	0x20008074	char	
[681]	0x26	0x20008075	char	
[682]	0x45	0x20008076	char	
[683]	0x78	0x20008077	char	
[684]	0x70	0x20008078	char	
[685]	0x69	0x20008079	char	
[686]	0x72	0x2000807A	char	
[687]	0x65	0x2000807B	char	
[688]	0x73	0x2000807C	char	
[689]	0x3D	0x2000807D	char	
[690]	0x31	0x2000807E	char	
[691]	0x35	0x2000807F	char	
[692]	0x36	0x20008080	char	
[693]	0x39	0x20008081	char	
[694]	0x30	0x20008082	char	
[695]	0x35	0x20008083	char	
[696]	0x37	0x20008084	char	
[697]	0x34	0x20008085	char	
[698]	0x37	0x20008086	char	
[699]	0x31	0x20008087	char	
[700]	0x22	0x20008088	char	
[701]	0x2C	0x20008089	char	
[702]	0x22	0x2000808A	char	
[703]	0x4D	0x2000808B	char	
[704]	0x44	0x2000808C	char	
[705]	0x35	0x2000808D	char	
[706]	0x22	0x2000808E	char	
[707]	0x3A	0x2000808F	char	
[708]	0x22	0x20008090	char	
[709]	0x33	0x20008091	char	
[710]	0x65	0x20008092	char	
[711]	0x36	0x20008093	char	
[712]	0x62	0x20008094	char	
[713]	0x36	0x20008095	char	
[714]	0x61	0x20008096	char	
[715]	0x30	0x20008097	char	
[716]	0x63	0x20008098	char	
[717]	0x34	0x20008099	char	
[718]	0x36	0x2000809A	char	
[719]	0x32	0x2000809B	char	
[720]	0x30	0x2000809C	char	
[721]	0x65	0x2000809D	char	
[722]	0x30	0x2000809E	char	
[723]	0x33	0x2000809F	char	
[724]	0x61	0x200080A0	char	
[725]	0x33	0x200080A1	char	
[726]	0x35	0x200080A2	char	
[727]	0x39	0x200080A3	char	
[728]	0x39	0x200080A4	char	
[729]	0x64	0x200080A5	char	
[730]	0x31	0x200080A6	char	
[731]	0x66	0x200080A7	char	
[732]	0x38	0x200080A8	char	
[733]	0x30	0x200080A9	char	
[734]	0x65	0x200080AA	char	
[735]	0x38	0x200080AB	char	
[736]	0x65	0x200080AC	char	
[737]	0x39	0x200080AD	char	
[738]	0x39	0x200080AE	char	
[739]	0x64	0x200080AF	char	
[740]	0x31	0x200080B0	char	
[741]	0x22	0x200080B1	char	
[742]	0x2C	0x200080B2	char	
[743]	0x22	0x200080B3	char	
[744]	0x53	0x200080B4	char	
[745]	0x69	0x200080B5	char	
[746]	0x7A	0x200080B6	char	
[747]	0x65	0x200080B7	char	
[748]	0x22	0x200080B8	char	
[749]	0x3A	0x200080B9	char	
[750]	0x31	0x200080BA	char	
[751]	0x35	0x200080BB	char	
[752]	0x39	0x200080BC	char	
[753]	0x35	0x200080BD	char	
[754]	0x35	0x200080BE	char	
[755]	0x7D	0x200080BF	char	
[756]	0x7D	0x200080C0	char	
[757]	0x0A	0x200080C1	char	
[758]	0x00	0x200080C2	char	
[759]	0x00	0x200080C3	char	
[760]	0x00	0x200080C4	char	
[761]	0x00	0x200080C5	char	
[762]	0x00	0x200080C6	char	
[763]	0x00	0x200080C7	char	
[764]	0x00	0x200080C8	char	
[765]	0x00	0x200080C9	char	
[766]	0x00	0x200080CA	char	
[767]	0x00	0x200080CB	char	
[768]	0x00	0x200080CC	char	
[769]	0x00	0x200080CD	char	
[770]	0x00	0x200080CE	char	
[771]	0x00	0x200080CF	char	
[772]	0x00	0x200080D0	char	
[773]	0x00	0x200080D1	char	
[774]	0x00	0x200080D2	char	
[775]	0x00	0x200080D3	char	
[776]	0x00	0x200080D4	char	
[777]	0x00	0x200080D5	char	
[778]	0x00	0x200080D6	char	
[779]	0x00	0x200080D7	char	
[780]	0x00	0x200080D8	char	
[781]	0x00	0x200080D9	char	
[782]	0x00	0x200080DA	char	
[783]	0x00	0x200080DB	char	
[784]	0x00	0x200080DC	char	
[785]	0x00	0x200080DD	char	
[786]	0x00	0x200080DE	char	
[787]	0x00	0x200080DF	char	
[788]	0x00	0x200080E0	char	
[789]	0x00	0x200080E1	char	
[790]	0x00	0x200080E2	char	
[791]	0x00	0x200080E3	char	
[792]	0x00	0x200080E4	char	
[793]	0x00	0x200080E5	char	
[794]	0x00	0x200080E6	char	
[795]	0x00	0x200080E7	char	
[796]	0x00	0x200080E8	char	
[797]	0x00	0x200080E9	char	
[798]	0x00	0x200080EA	char	
[799]	0x00	0x200080EB	char	
[800]	0x00	0x200080EC	char	
[801]	0x00	0x200080ED	char	
[802]	0x00	0x200080EE	char	
[803]	0x00	0x200080EF	char	
[804]	0x00	0x200080F0	char	
[805]	0x00	0x200080F1	char	
[806]	0x00	0x200080F2	char	
[807]	0x00	0x200080F3	char	
[808]	0x00	0x200080F4	char	
[809]	0x00	0x200080F5	char	
[810]	0x00	0x200080F6	char	
[811]	0x00	0x200080F7	char	
[812]	0x00	0x200080F8	char	
[813]	0x00	0x200080F9	char	
[814]	0x00	0x200080FA	char	
[815]	0x00	0x200080FB	char	
[816]	0x00	0x200080FC	char	
[817]	0x00	0x200080FD	char	
[818]	0x00	0x200080FE	char	
[819]	0x00	0x200080FF	char	
[820]	0x00	0x20008100	char	
[821]	0x00	0x20008101	char	
[822]	0x00	0x20008102	char	
[823]	0x00	0x20008103	char	
[824]	0x00	0x20008104	char	
[825]	0x00	0x20008105	char	
[826]	0x00	0x20008106	char	
[827]	0x00	0x20008107	char	
[828]	0x00	0x20008108	char	
[829]	0x00	0x20008109	char	
[830]	0x00	0x2000810A	char	
[831]	0x00	0x2000810B	char	
[832]	0x00	0x2000810C	char	
[833]	0x00	0x2000810D	char	
[834]	0x00	0x2000810E	char	
[835]	0x00	0x2000810F	char	
[836]	0x00	0x20008110	char	
[837]	0x00	0x20008111	char	
[838]	0x00	0x20008112	char	
[839]	0x00	0x20008113	char	
[840]	0x00	0x20008114	char	
[841]	0x00	0x20008115	char	
[842]	0x00	0x20008116	char	
[843]	0x00	0x20008117	char	
[844]	0x00	0x20008118	char	
[845]	0x00	0x20008119	char	
[846]	0x00	0x2000811A	char	
[847]	0x00	0x2000811B	char	
[848]	0x00	0x2000811C	char	
[849]	0x00	0x2000811D	char	
[850]	0x00	0x2000811E	char	
[851]	0x00	0x2000811F	char	
[852]	0x00	0x20008120	char	
[853]	0x00	0x20008121	char	
[854]	0x00	0x20008122	char	
[855]	0x00	0x20008123	char	
[856]	0x00	0x20008124	char	
[857]	0x00	0x20008125	char	
[858]	0x00	0x20008126	char	
[859]	0x00	0x20008127	char	
[860]	0x00	0x20008128	char	
[861]	0x00	0x20008129	char	
[862]	0x00	0x2000812A	char	
[863]	0x00	0x2000812B	char	
[864]	0x00	0x2000812C	char	
[865]	0x00	0x2000812D	char	
[866]	0x00	0x2000812E	char	
[867]	0x00	0x2000812F	char	
[868]	0x00	0x20008130	char	
[869]	0x00	0x20008131	char	
[870]	0x00	0x20008132	char	
[871]	0x00	0x20008133	char	
[872]	0x00	0x20008134	char	
[873]	0x00	0x20008135	char	
[874]	0x00	0x20008136	char	
[875]	0x00	0x20008137	char	
[876]	0x00	0x20008138	char	
[877]	0x00	0x20008139	char	
[878]	0x00	0x2000813A	char	
[879]	0x00	0x2000813B	char	
[880]	0x00	0x2000813C	char	
[881]	0x00	0x2000813D	char	
[882]	0x00	0x2000813E	char	
[883]	0x00	0x2000813F	char	
[884]	0x00	0x20008140	char	
[885]	0x00	0x20008141	char	
[886]	0x00	0x20008142	char	
[887]	0x00	0x20008143	char	
[888]	0x00	0x20008144	char	
[889]	0x00	0x20008145	char	
[890]	0x00	0x20008146	char	
[891]	0x00	0x20008147	char	
[892]	0x00	0x20008148	char	
[893]	0x00	0x20008149	char	
[894]	0x00	0x2000814A	char	
[895]	0x00	0x2000814B	char	
[896]	0x00	0x2000814C	char	
[897]	0x00	0x2000814D	char	
[898]	0x00	0x2000814E	char	
[899]	0x00	0x2000814F	char	
[900]	0x00	0x20008150	char	
[901]	0x00	0x20008151	char	
[902]	0x00	0x20008152	char	
[903]	0x00	0x20008153	char	
[904]	0x00	0x20008154	char	
[905]	0x00	0x20008155	char	
[906]	0x00	0x20008156	char	
[907]	0x00	0x20008157	char	
[908]	0x00	0x20008158	char	
[909]	0x00	0x20008159	char	
[910]	0x00	0x2000815A	char	
[911]	0x00	0x2000815B	char	
[912]	0x00	0x2000815C	char	
[913]	0x00	0x2000815D	char	
[914]	0x00	0x2000815E	char	
[915]	0x00	0x2000815F	char	
[916]	0x00	0x20008160	char	
[917]	0x00	0x20008161	char	
[918]	0x00	0x20008162	char	
[919]	0x00	0x20008163	char	
[920]	0x00	0x20008164	char	
[921]	0x00	0x20008165	char	
[922]	0x00	0x20008166	char	
[923]	0x00	0x20008167	char	
[924]	0x00	0x20008168	char	
[925]	0x00	0x20008169	char	
[926]	0x00	0x2000816A	char	
[927]	0x00	0x2000816B	char	
[928]	0x00	0x2000816C	char	
[929]	0x00	0x2000816D	char	
[930]	0x00	0x2000816E	char	
[931]	0x00	0x2000816F	char	
[932]	0x00	0x20008170	char	
[933]	0x00	0x20008171	char	
[934]	0x00	0x20008172	char	
[935]	0x00	0x20008173	char	
[936]	0x00	0x20008174	char	
[937]	0x00	0x20008175	char	
[938]	0x00	0x20008176	char	
[939]	0x00	0x20008177	char	
[940]	0x00	0x20008178	char	
[941]	0x00	0x20008179	char	
[942]	0x00	0x2000817A	char	
[943]	0x00	0x2000817B	char	
[944]	0x00	0x2000817C	char	
[945]	0x00	0x2000817D	char	
[946]	0x00	0x2000817E	char	
[947]	0x00	0x2000817F	char	
[948]	0x00	0x20008180	char	
[949]	0x00	0x20008181	char	
[950]	0x00	0x20008182	char	
[951]	0x00	0x20008183	char	
[952]	0x00	0x20008184	char	
[953]	0x00	0x20008185	char	
[954]	0x00	0x20008186	char	
[955]	0x00	0x20008187	char	
[956]	0x00	0x20008188	char	
[957]	0x00	0x20008189	char	
[958]	0x00	0x2000818A	char	
[959]	0x00	0x2000818B	char	
[960]	0x00	0x2000818C	char	
[961]	0x00	0x2000818D	char	
[962]	0x00	0x2000818E	char	
[963]	0x00	0x2000818F	char	
[964]	0x00	0x20008190	char	
[965]	0x00	0x20008191	char	
[966]	0x00	0x20008192	char	
[967]	0x00	0x20008193	char	
[968]	0x00	0x20008194	char	
[969]	0x00	0x20008195	char	
[970]	0x00	0x20008196	char	
[971]	0x00	0x20008197	char	
[972]	0x00	0x20008198	char	
[973]	0x00	0x20008199	char	
[974]	0x00	0x2000819A	char	
[975]	0x00	0x2000819B	char	
[976]	0x00	0x2000819C	char	
[977]	0x00	0x2000819D	char	
[978]	0x00	0x2000819E	char	
[979]	0x00	0x2000819F	char	
[980]	0x00	0x200081A0	char	
[981]	0x00	0x200081A1	char	
[982]	0x00	0x200081A2	char	
[983]	0x00	0x200081A3	char	
[984]	0x00	0x200081A4	char	
[985]	0x00	0x200081A5	char	
[986]	0x00	0x200081A6	char	
[987]	0x00	0x200081A7	char	
[988]	0x00	0x200081A8	char	
[989]	0x00	0x200081A9	char	
[990]	0x00	0x200081AA	char	
[991]	0x00	0x200081AB	char	
[992]	0x00	0x200081AC	char	
[993]	0x00	0x200081AD	char	
[994]	0x00	0x200081AE	char	
[995]	0x00	0x200081AF	char	
[996]	0x00	0x200081B0	char	
[997]	0x00	0x200081B1	char	
[998]	0x00	0x200081B2	char	
[999]	0x00	0x200081B3	char	
[1000]	0x00	0x200081B4	char	
[1001]	0x00	0x200081B5	char	
[1002]	0x00	0x200081B6	char	
[1003]	0x00	0x200081B7	char	
[1004]	0x00	0x200081B8	char	
[1005]	0x00	0x200081B9	char	
[1006]	0x00	0x200081BA	char	
[1007]	0x00	0x200081BB	char	
[1008]	0x00	0x200081BC	char	
[1009]	0x00	0x200081BD	char	
[1010]	0x00	0x200081BE	char	
[1011]	0x00	0x200081BF	char	
[1012]	0x00	0x200081C0	char	
[1013]	0x00	0x200081C1	char	
[1014]	0x00	0x200081C2	char	
[1015]	0x00	0x200081C3	char	
[1016]	0x00	0x200081C4	char	
[1017]	0x00	0x200081C5	char	
[1018]	0x00	0x200081C6	char	
[1019]	0x00	0x200081C7	char	
[1020]	0x00	0x200081C8	char	
[1021]	0x00	0x200081C9	char	
[1022]	0x00	0x200081CA	char	
[1023]	0x00	0x200081CB	char	
g_ring_buff	<struct>	0x20008D60	sRingbuff	
size	1024	0x20008D60	uint32_t	
readpoint	695	0x20008D64	uint32_t	
writepoint	757	0x20008D68	uint32_t	
buffer	0x20007DCC ""	0x20008D6C	char *	
full	0	0x20008D70	bool	
send_buf	<array>"2x"	0x200085CC	char[1024]	
